<?xml version="1.0" encoding="UTF-8"?>
<!-- Generated by org.testng.reporters.JUnitReportReporter -->
<testsuite hostname="DESKTOP-6EPD2RT" failures="0" tests="1" name="com.mystore.testcases.LoginPageTest" time="45.908" errors="0" timestamp="2022-08-12T22:03:07 NPT" skipped="0">
  <testcase classname="com.mystore.testcases.LoginPageTest" name="loginTest" time="45.908"/>
  <system-out/>
</testsuite> <!-- com.mystore.testcases.LoginPageTest -->
